# JRE version: OpenJDK Runtime Environment Corretto-21.0.3.9.1 (21.0.3+9) (build 21.0.3+9-LTS)
# Java VM: OpenJDK 64-Bit Server VM Corretto-21.0.3.9.1 (21.0.3+9-LTS, mixed mode, sharing, tiered, compressed oops, compressed class ptrs, g1 gc, linux-amd64)
GC Precious Log:
 CardTable entry size: 512
 Card Set container configuration: InlinePtr #cards 4 size 8 Array Of Cards #cards 16 size 48 Howl #buckets 8 coarsen threshold 3686 Howl Bitmap #cards 512 size 80 coarsen threshold 460 Card regions per heap region 1 cards per card region 4096
 CPUs: 4 total, 4 available
 Memory: 15945M
 Large Page Support: Disabled
 NUMA Support: Disabled
 Compressed Oops: Enabled (Zero based)
 Heap Region Size: 2M
 Heap Min Capacity: 8M
 Heap Initial Capacity: 250M
 Heap Max Capacity: 3988M
 Pre-touch: Disabled
 Parallel Workers: 4
 Concurrent Workers: 1
 Concurrent Refinement Workers: 4
 Periodic GC: Disabled
Heap:
 garbage-first heap   total 118784K, used 56608K [0x0000000706c00000, 0x0000000800000000)
  region size 2048K, 7 young (14336K), 2 survivors (4096K)
 Metaspace       used 85573K, committed 86080K, reserved 1179648K
  class space    used 10278K, committed 10496K, reserved 1048576K
GC Heap History (20 events):
Event: 226.255 GC heap before
{Heap before GC invocations=114 (full 0):
 garbage-first heap   total 118784K, used 100317K [0x0000000706c00000, 0x0000000800000000)
  region size 2048K, 27 young (55296K), 3 survivors (6144K)
 Metaspace       used 85314K, committed 85824K, reserved 1179648K
  class space    used 10278K, committed 10496K, reserved 1048576K
}
Event: 226.257 GC heap after
{Heap after GC invocations=115 (full 0):
 garbage-first heap   total 118784K, used 53670K [0x0000000706c00000, 0x0000000800000000)
  region size 2048K, 3 young (6144K), 3 survivors (6144K)
 Metaspace       used 85314K, committed 85824K, reserved 1179648K
  class space    used 10278K, committed 10496K, reserved 1048576K
}
Event: 228.313 GC heap before
{Heap before GC invocations=116 (full 0):
 garbage-first heap   total 118784K, used 98726K [0x0000000706c00000, 0x0000000800000000)
  region size 2048K, 26 young (53248K), 3 survivors (6144K)
 Metaspace       used 85360K, committed 85888K, reserved 1179648K
  class space    used 10278K, committed 10496K, reserved 1048576K
}
Event: 228.316 GC heap after
{Heap after GC invocations=117 (full 0):
 garbage-first heap   total 118784K, used 52913K [0x0000000706c00000, 0x0000000800000000)
  region size 2048K, 2 young (4096K), 2 survivors (4096K)
 Metaspace       used 85360K, committed 85888K, reserved 1179648K
  class space    used 10278K, committed 10496K, reserved 1048576K
}
Event: 230.496 GC heap before
{Heap before GC invocations=117 (full 0):
 garbage-first heap   total 118784K, used 102065K [0x0000000706c00000, 0x0000000800000000)
  region size 2048K, 27 young (55296K), 2 survivors (4096K)
 Metaspace       used 85416K, committed 85952K, reserved 1179648K
  class space    used 10278K, committed 10496K, reserved 1048576K
}
Event: 230.500 GC heap after
{Heap after GC invocations=118 (full 0):
 garbage-first heap   total 118784K, used 52880K [0x0000000706c00000, 0x0000000800000000)
  region size 2048K, 2 young (4096K), 2 survivors (4096K)
 Metaspace       used 85416K, committed 85952K, reserved 1179648K
  class space    used 10278K, committed 10496K, reserved 1048576K
}
Event: 232.965 GC heap before
{Heap before GC invocations=118 (full 0):
 garbage-first heap   total 118784K, used 102032K [0x0000000706c00000, 0x0000000800000000)
  region size 2048K, 27 young (55296K), 2 survivors (4096K)
 Metaspace       used 85444K, committed 85952K, reserved 1179648K
  class space    used 10278K, committed 10496K, reserved 1048576K
}
Event: 232.967 GC heap after
{Heap after GC invocations=119 (full 0):
 garbage-first heap   total 118784K, used 55379K [0x0000000706c00000, 0x0000000800000000)
  region size 2048K, 3 young (6144K), 3 survivors (6144K)
 Metaspace       used 85444K, committed 85952K, reserved 1179648K
  class space    used 10278K, committed 10496K, reserved 1048576K
}
Event: 235.251 GC heap before
{Heap before GC invocations=120 (full 0):
 garbage-first heap   total 118784K, used 100435K [0x0000000706c00000, 0x0000000800000000)
  region size 2048K, 26 young (53248K), 3 survivors (6144K)
 Metaspace       used 85501K, committed 86016K, reserved 1179648K
  class space    used 10278K, committed 10496K, reserved 1048576K
}
Event: 235.254 GC heap after
{Heap after GC invocations=121 (full 0):
 garbage-first heap   total 118784K, used 53485K [0x0000000706c00000, 0x0000000800000000)
  region size 2048K, 2 young (4096K), 2 survivors (4096K)
 Metaspace       used 85501K, committed 86016K, reserved 1179648K
  class space    used 10278K, committed 10496K, reserved 1048576K
}
Event: 237.602 GC heap before
{Heap before GC invocations=121 (full 0):
 garbage-first heap   total 118784K, used 102637K [0x0000000706c00000, 0x0000000800000000)
  region size 2048K, 27 young (55296K), 2 survivors (4096K)
 Metaspace       used 85504K, committed 86016K, reserved 1179648K
  class space    used 10278K, committed 10496K, reserved 1048576K
}
Event: 237.604 GC heap after
{Heap after GC invocations=122 (full 0):
 garbage-first heap   total 118784K, used 53305K [0x0000000706c00000, 0x0000000800000000)
  region size 2048K, 3 young (6144K), 3 survivors (6144K)
 Metaspace       used 85504K, committed 86016K, reserved 1179648K
  class space    used 10278K, committed 10496K, reserved 1048576K
}
Event: 239.824 GC heap before
{Heap before GC invocations=122 (full 0):
 garbage-first heap   total 118784K, used 100409K [0x0000000706c00000, 0x0000000800000000)
  region size 2048K, 27 young (55296K), 3 survivors (6144K)
 Metaspace       used 85511K, committed 86016K, reserved 1179648K
  class space    used 10278K, committed 10496K, reserved 1048576K
}
Event: 239.825 GC heap after
{Heap after GC invocations=123 (full 0):
 garbage-first heap   total 118784K, used 52560K [0x0000000706c00000, 0x0000000800000000)
  region size 2048K, 2 young (4096K), 2 survivors (4096K)
 Metaspace       used 85511K, committed 86016K, reserved 1179648K
  class space    used 10278K, committed 10496K, reserved 1048576K
}
Event: 241.944 GC heap before
{Heap before GC invocations=123 (full 0):
 garbage-first heap   total 118784K, used 101712K [0x0000000706c00000, 0x0000000800000000)
  region size 2048K, 27 young (55296K), 2 survivors (4096K)
 Metaspace       used 85545K, committed 86016K, reserved 1179648K
  class space    used 10278K, committed 10496K, reserved 1048576K
}
Event: 241.946 GC heap after
{Heap after GC invocations=124 (full 0):
 garbage-first heap   total 118784K, used 52828K [0x0000000706c00000, 0x0000000800000000)
  region size 2048K, 2 young (4096K), 2 survivors (4096K)
 Metaspace       used 85545K, committed 86016K, reserved 1179648K
  class space    used 10278K, committed 10496K, reserved 1048576K
}
Event: 244.260 GC heap before
{Heap before GC invocations=125 (full 0):
 garbage-first heap   total 118784K, used 101980K [0x0000000706c00000, 0x0000000800000000)
  region size 2048K, 27 young (55296K), 2 survivors (4096K)
 Metaspace       used 85554K, committed 86080K, reserved 1179648K
  class space    used 10278K, committed 10496K, reserved 1048576K
}
Event: 244.262 GC heap after
{Heap after GC invocations=126 (full 0):
 garbage-first heap   total 118784K, used 52307K [0x0000000706c00000, 0x0000000800000000)
  region size 2048K, 2 young (4096K), 2 survivors (4096K)
 Metaspace       used 85554K, committed 86080K, reserved 1179648K
  class space    used 10278K, committed 10496K, reserved 1048576K
}
Event: 246.113 GC heap before
{Heap before GC invocations=126 (full 0):
 garbage-first heap   total 118784K, used 101459K [0x0000000706c00000, 0x0000000800000000)
  region size 2048K, 27 young (55296K), 2 survivors (4096K)
 Metaspace       used 85573K, committed 86080K, reserved 1179648K
  class space    used 10278K, committed 10496K, reserved 1048576K
}
Event: 246.116 GC heap after
{Heap after GC invocations=127 (full 0):
 garbage-first heap   total 118784K, used 50464K [0x0000000706c00000, 0x0000000800000000)
  region size 2048K, 2 young (4096K), 2 survivors (4096K)
 Metaspace       used 85573K, committed 86080K, reserved 1179648K
  class space    used 10278K, committed 10496K, reserved 1048576K
}

