# JRE version: OpenJDK Runtime Environment Corretto-21.0.3.9.1 (21.0.3+9) (build 21.0.3+9-LTS)
# Java VM: OpenJDK 64-Bit Server VM Corretto-21.0.3.9.1 (21.0.3+9-LTS, mixed mode, sharing, tiered, compressed oops, compressed class ptrs, g1 gc, linux-amd64)
GC Precious Log:
 CardTable entry size: 512
 Card Set container configuration: InlinePtr #cards 4 size 8 Array Of Cards #cards 16 size 48 Howl #buckets 8 coarsen threshold 3686 Howl Bitmap #cards 512 size 80 coarsen threshold 460 Card regions per heap region 1 cards per card region 4096
 CPUs: 4 total, 4 available
 Memory: 15945M
 Large Page Support: Disabled
 NUMA Support: Disabled
 Compressed Oops: Enabled (Zero based)
 Heap Region Size: 2M
 Heap Min Capacity: 8M
 Heap Initial Capacity: 250M
 Heap Max Capacity: 3988M
 Pre-touch: Disabled
 Parallel Workers: 4
 Concurrent Workers: 1
 Concurrent Refinement Workers: 4
 Periodic GC: Disabled
Heap:
 garbage-first heap   total 589824K, used 167538K [0x0000000706c00000, 0x0000000800000000)
  region size 2048K, 4 young (8192K), 2 survivors (4096K)
 Metaspace       used 86530K, committed 87104K, reserved 1179648K
  class space    used 10384K, committed 10624K, reserved 1048576K
GC Heap History (20 events):
Event: 353.259 GC heap before
{Heap before GC invocations=1659 (full 0):
 garbage-first heap   total 567296K, used 211849K [0x0000000706c00000, 0x0000000800000000)
  region size 2048K, 26 young (53248K), 2 survivors (4096K)
 Metaspace       used 86489K, committed 87040K, reserved 1179648K
  class space    used 10384K, committed 10624K, reserved 1048576K
}
Event: 353.260 GC heap after
{Heap after GC invocations=1660 (full 0):
 garbage-first heap   total 567296K, used 164930K [0x0000000706c00000, 0x0000000800000000)
  region size 2048K, 2 young (4096K), 2 survivors (4096K)
 Metaspace       used 86489K, committed 87040K, reserved 1179648K
  class space    used 10384K, committed 10624K, reserved 1048576K
}
Event: 353.502 GC heap before
{Heap before GC invocations=1661 (full 0):
 garbage-first heap   total 567296K, used 216130K [0x0000000706c00000, 0x0000000800000000)
  region size 2048K, 26 young (53248K), 2 survivors (4096K)
 Metaspace       used 86489K, committed 87040K, reserved 1179648K
  class space    used 10384K, committed 10624K, reserved 1048576K
}
Event: 353.504 GC heap after
{Heap after GC invocations=1662 (full 0):
 garbage-first heap   total 567296K, used 167007K [0x0000000706c00000, 0x0000000800000000)
  region size 2048K, 2 young (4096K), 2 survivors (4096K)
 Metaspace       used 86489K, committed 87040K, reserved 1179648K
  class space    used 10384K, committed 10624K, reserved 1048576K
}
Event: 353.763 GC heap before
{Heap before GC invocations=1663 (full 0):
 garbage-first heap   total 567296K, used 220255K [0x0000000706c00000, 0x0000000800000000)
  region size 2048K, 26 young (53248K), 2 survivors (4096K)
 Metaspace       used 86489K, committed 87040K, reserved 1179648K
  class space    used 10384K, committed 10624K, reserved 1048576K
}
Event: 353.764 GC heap after
{Heap after GC invocations=1664 (full 0):
 garbage-first heap   total 567296K, used 168881K [0x0000000706c00000, 0x0000000800000000)
  region size 2048K, 2 young (4096K), 2 survivors (4096K)
 Metaspace       used 86489K, committed 87040K, reserved 1179648K
  class space    used 10384K, committed 10624K, reserved 1048576K
}
Event: 354.052 GC heap before
{Heap before GC invocations=1665 (full 0):
 garbage-first heap   total 567296K, used 312241K [0x0000000706c00000, 0x0000000800000000)
  region size 2048K, 55 young (112640K), 2 survivors (4096K)
 Metaspace       used 86489K, committed 87040K, reserved 1179648K
  class space    used 10384K, committed 10624K, reserved 1048576K
}
Event: 354.057 GC heap after
{Heap after GC invocations=1666 (full 0):
 garbage-first heap   total 567296K, used 169092K [0x0000000706c00000, 0x0000000800000000)
  region size 2048K, 2 young (4096K), 2 survivors (4096K)
 Metaspace       used 86489K, committed 87040K, reserved 1179648K
  class space    used 10384K, committed 10624K, reserved 1048576K
}
Event: 355.720 GC heap before
{Heap before GC invocations=1667 (full 0):
 garbage-first heap   total 567296K, used 533636K [0x0000000706c00000, 0x0000000800000000)
  region size 2048K, 156 young (319488K), 2 survivors (4096K)
 Metaspace       used 86489K, committed 87040K, reserved 1179648K
  class space    used 10384K, committed 10624K, reserved 1048576K
}
Event: 355.722 GC heap after
{Heap after GC invocations=1668 (full 0):
 garbage-first heap   total 567296K, used 172563K [0x0000000706c00000, 0x0000000800000000)
  region size 2048K, 2 young (4096K), 2 survivors (4096K)
 Metaspace       used 86489K, committed 87040K, reserved 1179648K
  class space    used 10384K, committed 10624K, reserved 1048576K
}
Event: 357.264 GC heap before
{Heap before GC invocations=1668 (full 0):
 garbage-first heap   total 567296K, used 543251K [0x0000000706c00000, 0x0000000800000000)
  region size 2048K, 159 young (325632K), 2 survivors (4096K)
 Metaspace       used 86489K, committed 87040K, reserved 1179648K
  class space    used 10384K, committed 10624K, reserved 1048576K
}
Event: 357.267 GC heap after
{Heap after GC invocations=1669 (full 0):
 garbage-first heap   total 567296K, used 169045K [0x0000000706c00000, 0x0000000800000000)
  region size 2048K, 2 young (4096K), 2 survivors (4096K)
 Metaspace       used 86489K, committed 87040K, reserved 1179648K
  class space    used 10384K, committed 10624K, reserved 1048576K
}
Event: 357.296 GC heap before
{Heap before GC invocations=1669 (full 0):
 garbage-first heap   total 567296K, used 175189K [0x0000000706c00000, 0x0000000800000000)
  region size 2048K, 6 young (12288K), 2 survivors (4096K)
 Metaspace       used 86489K, committed 87040K, reserved 1179648K
  class space    used 10384K, committed 10624K, reserved 1048576K
}
Event: 357.298 GC heap after
{Heap after GC invocations=1670 (full 0):
 garbage-first heap   total 567296K, used 169194K [0x0000000706c00000, 0x0000000800000000)
  region size 2048K, 2 young (4096K), 2 survivors (4096K)
 Metaspace       used 86489K, committed 87040K, reserved 1179648K
  class space    used 10384K, committed 10624K, reserved 1048576K
}
Event: 357.555 GC heap before
{Heap before GC invocations=1671 (full 0):
 garbage-first heap   total 567296K, used 312554K [0x0000000706c00000, 0x0000000800000000)
  region size 2048K, 55 young (112640K), 2 survivors (4096K)
 Metaspace       used 86530K, committed 87104K, reserved 1179648K
  class space    used 10384K, committed 10624K, reserved 1048576K
}
Event: 357.557 GC heap after
{Heap after GC invocations=1672 (full 0):
 garbage-first heap   total 567296K, used 169550K [0x0000000706c00000, 0x0000000800000000)
  region size 2048K, 2 young (4096K), 2 survivors (4096K)
 Metaspace       used 86530K, committed 87104K, reserved 1179648K
  class space    used 10384K, committed 10624K, reserved 1048576K
}
Event: 359.281 GC heap before
{Heap before GC invocations=1673 (full 0):
 garbage-first heap   total 567296K, used 548430K [0x0000000706c00000, 0x0000000800000000)
  region size 2048K, 166 young (339968K), 2 survivors (4096K)
 Metaspace       used 86530K, committed 87104K, reserved 1179648K
  class space    used 10384K, committed 10624K, reserved 1048576K
}
Event: 359.284 GC heap after
{Heap after GC invocations=1674 (full 0):
 garbage-first heap   total 567296K, used 173457K [0x0000000706c00000, 0x0000000800000000)
  region size 2048K, 2 young (4096K), 2 survivors (4096K)
 Metaspace       used 86530K, committed 87104K, reserved 1179648K
  class space    used 10384K, committed 10624K, reserved 1048576K
}
Event: 360.930 GC heap before
{Heap before GC invocations=1674 (full 0):
 garbage-first heap   total 585728K, used 583057K [0x0000000706c00000, 0x0000000800000000)
  region size 2048K, 157 young (321536K), 2 survivors (4096K)
 Metaspace       used 86530K, committed 87104K, reserved 1179648K
  class space    used 10384K, committed 10624K, reserved 1048576K
}
Event: 360.932 GC heap after
{Heap after GC invocations=1675 (full 0):
 garbage-first heap   total 589824K, used 162499K [0x0000000706c00000, 0x0000000800000000)
  region size 2048K, 1 young (2048K), 1 survivors (2048K)
 Metaspace       used 86530K, committed 87104K, reserved 1179648K
  class space    used 10384K, committed 10624K, reserved 1048576K
}

