# JRE version: OpenJDK Runtime Environment Corretto-21.0.3.9.1 (21.0.3+9) (build 21.0.3+9-LTS)
# Java VM: OpenJDK 64-Bit Server VM Corretto-21.0.3.9.1 (21.0.3+9-LTS, mixed mode, sharing, tiered, compressed oops, compressed class ptrs, g1 gc, linux-amd64)
GC Precious Log:
 CardTable entry size: 512
 Card Set container configuration: InlinePtr #cards 4 size 8 Array Of Cards #cards 16 size 48 Howl #buckets 8 coarsen threshold 3686 Howl Bitmap #cards 512 size 80 coarsen threshold 460 Card regions per heap region 1 cards per card region 4096
 CPUs: 4 total, 4 available
 Memory: 15945M
 Large Page Support: Disabled
 NUMA Support: Disabled
 Compressed Oops: Enabled (Zero based)
 Heap Region Size: 2M
 Heap Min Capacity: 8M
 Heap Initial Capacity: 250M
 Heap Max Capacity: 3988M
 Pre-touch: Disabled
 Parallel Workers: 4
 Concurrent Workers: 1
 Concurrent Refinement Workers: 4
 Periodic GC: Disabled
Heap:
 garbage-first heap   total 266240K, used 140854K [0x0000000706c00000, 0x0000000800000000)
  region size 2048K, 23 young (47104K), 8 survivors (16384K)
 Metaspace       used 85839K, committed 86400K, reserved 1179648K
  class space    used 10332K, committed 10560K, reserved 1048576K
GC Heap History (20 events):
Event: 489.885 GC heap before
{Heap before GC invocations=724 (full 0):
 garbage-first heap   total 266240K, used 231200K [0x0000000706c00000, 0x0000000800000000)
  region size 2048K, 76 young (155648K), 8 survivors (16384K)
 Metaspace       used 85839K, committed 86400K, reserved 1179648K
  class space    used 10332K, committed 10560K, reserved 1048576K
}
Event: 489.888 GC heap after
{Heap after GC invocations=725 (full 0):
 garbage-first heap   total 266240K, used 96032K [0x0000000706c00000, 0x0000000800000000)
  region size 2048K, 8 young (16384K), 8 survivors (16384K)
 Metaspace       used 85839K, committed 86400K, reserved 1179648K
  class space    used 10332K, committed 10560K, reserved 1048576K
}
Event: 490.625 GC heap before
{Heap before GC invocations=725 (full 0):
 garbage-first heap   total 266240K, used 231200K [0x0000000706c00000, 0x0000000800000000)
  region size 2048K, 75 young (153600K), 8 survivors (16384K)
 Metaspace       used 85839K, committed 86400K, reserved 1179648K
  class space    used 10332K, committed 10560K, reserved 1048576K
}
Event: 490.631 GC heap after
{Heap after GC invocations=726 (full 0):
 garbage-first heap   total 266240K, used 96930K [0x0000000706c00000, 0x0000000800000000)
  region size 2048K, 7 young (14336K), 7 survivors (14336K)
 Metaspace       used 85839K, committed 86400K, reserved 1179648K
  class space    used 10332K, committed 10560K, reserved 1048576K
}
Event: 491.554 GC heap before
{Heap before GC invocations=726 (full 0):
 garbage-first heap   total 266240K, used 234146K [0x0000000706c00000, 0x0000000800000000)
  region size 2048K, 75 young (153600K), 7 survivors (14336K)
 Metaspace       used 85839K, committed 86400K, reserved 1179648K
  class space    used 10332K, committed 10560K, reserved 1048576K
}
Event: 491.558 GC heap after
{Heap after GC invocations=727 (full 0):
 garbage-first heap   total 266240K, used 99213K [0x0000000706c00000, 0x0000000800000000)
  region size 2048K, 8 young (16384K), 8 survivors (16384K)
 Metaspace       used 85839K, committed 86400K, reserved 1179648K
  class space    used 10332K, committed 10560K, reserved 1048576K
}
Event: 492.647 GC heap before
{Heap before GC invocations=727 (full 0):
 garbage-first heap   total 266240K, used 232333K [0x0000000706c00000, 0x0000000800000000)
  region size 2048K, 74 young (151552K), 8 survivors (16384K)
 Metaspace       used 85839K, committed 86400K, reserved 1179648K
  class space    used 10332K, committed 10560K, reserved 1048576K
}
Event: 492.650 GC heap after
{Heap after GC invocations=728 (full 0):
 garbage-first heap   total 266240K, used 99929K [0x0000000706c00000, 0x0000000800000000)
  region size 2048K, 8 young (16384K), 8 survivors (16384K)
 Metaspace       used 85839K, committed 86400K, reserved 1179648K
  class space    used 10332K, committed 10560K, reserved 1048576K
}
Event: 493.700 GC heap before
{Heap before GC invocations=728 (full 0):
 garbage-first heap   total 266240K, used 233049K [0x0000000706c00000, 0x0000000800000000)
  region size 2048K, 74 young (151552K), 8 survivors (16384K)
 Metaspace       used 85839K, committed 86400K, reserved 1179648K
  class space    used 10332K, committed 10560K, reserved 1048576K
}
Event: 493.704 GC heap after
{Heap after GC invocations=729 (full 0):
 garbage-first heap   total 266240K, used 101077K [0x0000000706c00000, 0x0000000800000000)
  region size 2048K, 9 young (18432K), 9 survivors (18432K)
 Metaspace       used 85839K, committed 86400K, reserved 1179648K
  class space    used 10332K, committed 10560K, reserved 1048576K
}
Event: 494.539 GC heap before
{Heap before GC invocations=729 (full 0):
 garbage-first heap   total 266240K, used 230101K [0x0000000706c00000, 0x0000000800000000)
  region size 2048K, 73 young (149504K), 9 survivors (18432K)
 Metaspace       used 85839K, committed 86400K, reserved 1179648K
  class space    used 10332K, committed 10560K, reserved 1048576K
}
Event: 494.543 GC heap after
{Heap after GC invocations=730 (full 0):
 garbage-first heap   total 266240K, used 101028K [0x0000000706c00000, 0x0000000800000000)
  region size 2048K, 5 young (10240K), 5 survivors (10240K)
 Metaspace       used 85839K, committed 86400K, reserved 1179648K
  class space    used 10332K, committed 10560K, reserved 1048576K
}
Event: 495.410 GC heap before
{Heap before GC invocations=730 (full 0):
 garbage-first heap   total 266240K, used 238244K [0x0000000706c00000, 0x0000000800000000)
  region size 2048K, 73 young (149504K), 5 survivors (10240K)
 Metaspace       used 85839K, committed 86400K, reserved 1179648K
  class space    used 10332K, committed 10560K, reserved 1048576K
}
Event: 495.413 GC heap after
{Heap after GC invocations=731 (full 0):
 garbage-first heap   total 266240K, used 106274K [0x0000000706c00000, 0x0000000800000000)
  region size 2048K, 8 young (16384K), 8 survivors (16384K)
 Metaspace       used 85839K, committed 86400K, reserved 1179648K
  class space    used 10332K, committed 10560K, reserved 1048576K
}
Event: 496.192 GC heap before
{Heap before GC invocations=731 (full 0):
 garbage-first heap   total 266240K, used 231202K [0x0000000706c00000, 0x0000000800000000)
  region size 2048K, 70 young (143360K), 8 survivors (16384K)
 Metaspace       used 85839K, committed 86400K, reserved 1179648K
  class space    used 10332K, committed 10560K, reserved 1048576K
}
Event: 496.196 GC heap after
{Heap after GC invocations=732 (full 0):
 garbage-first heap   total 266240K, used 108327K [0x0000000706c00000, 0x0000000800000000)
  region size 2048K, 7 young (14336K), 7 survivors (14336K)
 Metaspace       used 85839K, committed 86400K, reserved 1179648K
  class space    used 10332K, committed 10560K, reserved 1048576K
}
Event: 497.014 GC heap before
{Heap before GC invocations=732 (full 0):
 garbage-first heap   total 266240K, used 233255K [0x0000000706c00000, 0x0000000800000000)
  region size 2048K, 69 young (141312K), 7 survivors (14336K)
 Metaspace       used 85839K, committed 86400K, reserved 1179648K
  class space    used 10332K, committed 10560K, reserved 1048576K
}
Event: 497.018 GC heap after
{Heap after GC invocations=733 (full 0):
 garbage-first heap   total 266240K, used 112422K [0x0000000706c00000, 0x0000000800000000)
  region size 2048K, 8 young (16384K), 8 survivors (16384K)
 Metaspace       used 85839K, committed 86400K, reserved 1179648K
  class space    used 10332K, committed 10560K, reserved 1048576K
}
Event: 498.205 GC heap before
{Heap before GC invocations=733 (full 0):
 garbage-first heap   total 266240K, used 231206K [0x0000000706c00000, 0x0000000800000000)
  region size 2048K, 67 young (137216K), 8 survivors (16384K)
 Metaspace       used 85839K, committed 86400K, reserved 1179648K
  class space    used 10332K, committed 10560K, reserved 1048576K
}
Event: 498.211 GC heap after
{Heap after GC invocations=734 (full 0):
 garbage-first heap   total 266240K, used 114230K [0x0000000706c00000, 0x0000000800000000)
  region size 2048K, 8 young (16384K), 8 survivors (16384K)
 Metaspace       used 85839K, committed 86400K, reserved 1179648K
  class space    used 10332K, committed 10560K, reserved 1048576K
}

