# JRE version: OpenJDK Runtime Environment Corretto-21.0.3.9.1 (21.0.3+9) (build 21.0.3+9-LTS)
# Java VM: OpenJDK 64-Bit Server VM Corretto-21.0.3.9.1 (21.0.3+9-LTS, mixed mode, sharing, tiered, compressed oops, compressed class ptrs, g1 gc, linux-amd64)
GC Precious Log:
 CardTable entry size: 512
 Card Set container configuration: InlinePtr #cards 4 size 8 Array Of Cards #cards 16 size 48 Howl #buckets 8 coarsen threshold 3686 Howl Bitmap #cards 512 size 80 coarsen threshold 460 Card regions per heap region 1 cards per card region 4096
 CPUs: 4 total, 4 available
 Memory: 15945M
 Large Page Support: Disabled
 NUMA Support: Disabled
 Compressed Oops: Enabled (Zero based)
 Heap Region Size: 2M
 Heap Min Capacity: 8M
 Heap Initial Capacity: 250M
 Heap Max Capacity: 3988M
 Pre-touch: Disabled
 Parallel Workers: 4
 Concurrent Workers: 1
 Concurrent Refinement Workers: 4
 Periodic GC: Disabled
Heap:
 garbage-first heap   total 118784K, used 50147K [0x0000000706c00000, 0x0000000800000000)
  region size 2048K, 5 young (10240K), 3 survivors (6144K)
 Metaspace       used 72551K, committed 73088K, reserved 1114112K
  class space    used 8773K, committed 9024K, reserved 1048576K
GC Heap History (20 events):
Event: 63.869 GC heap before
{Heap before GC invocations=44 (full 0):
 garbage-first heap   total 118784K, used 103626K [0x0000000706c00000, 0x0000000800000000)
  region size 2048K, 32 young (65536K), 2 survivors (4096K)
 Metaspace       used 72436K, committed 72960K, reserved 1114112K
  class space    used 8773K, committed 9024K, reserved 1048576K
}
Event: 63.870 GC heap after
{Heap after GC invocations=45 (full 0):
 garbage-first heap   total 118784K, used 44325K [0x0000000706c00000, 0x0000000800000000)
  region size 2048K, 2 young (4096K), 2 survivors (4096K)
 Metaspace       used 72436K, committed 72960K, reserved 1114112K
  class space    used 8773K, committed 9024K, reserved 1048576K
}
Event: 66.888 GC heap before
{Heap before GC invocations=45 (full 0):
 garbage-first heap   total 118784K, used 103717K [0x0000000706c00000, 0x0000000800000000)
  region size 2048K, 32 young (65536K), 2 survivors (4096K)
 Metaspace       used 72446K, committed 72960K, reserved 1114112K
  class space    used 8773K, committed 9024K, reserved 1048576K
}
Event: 66.895 GC heap after
{Heap after GC invocations=46 (full 0):
 garbage-first heap   total 118784K, used 45064K [0x0000000706c00000, 0x0000000800000000)
  region size 2048K, 3 young (6144K), 3 survivors (6144K)
 Metaspace       used 72446K, committed 72960K, reserved 1114112K
  class space    used 8773K, committed 9024K, reserved 1048576K
}
Event: 69.619 GC heap before
{Heap before GC invocations=46 (full 0):
 garbage-first heap   total 118784K, used 100360K [0x0000000706c00000, 0x0000000800000000)
  region size 2048K, 31 young (63488K), 3 survivors (6144K)
 Metaspace       used 72449K, committed 72960K, reserved 1114112K
  class space    used 8773K, committed 9024K, reserved 1048576K
}
Event: 69.621 GC heap after
{Heap after GC invocations=47 (full 0):
 garbage-first heap   total 118784K, used 45056K [0x0000000706c00000, 0x0000000800000000)
  region size 2048K, 3 young (6144K), 3 survivors (6144K)
 Metaspace       used 72449K, committed 72960K, reserved 1114112K
  class space    used 8773K, committed 9024K, reserved 1048576K
}
Event: 72.238 GC heap before
{Heap before GC invocations=48 (full 0):
 garbage-first heap   total 118784K, used 100352K [0x0000000706c00000, 0x0000000800000000)
  region size 2048K, 31 young (63488K), 3 survivors (6144K)
 Metaspace       used 72459K, committed 72960K, reserved 1114112K
  class space    used 8773K, committed 9024K, reserved 1048576K
}
Event: 72.240 GC heap after
{Heap after GC invocations=49 (full 0):
 garbage-first heap   total 118784K, used 45263K [0x0000000706c00000, 0x0000000800000000)
  region size 2048K, 3 young (6144K), 3 survivors (6144K)
 Metaspace       used 72459K, committed 72960K, reserved 1114112K
  class space    used 8773K, committed 9024K, reserved 1048576K
}
Event: 74.942 GC heap before
{Heap before GC invocations=49 (full 0):
 garbage-first heap   total 118784K, used 100559K [0x0000000706c00000, 0x0000000800000000)
  region size 2048K, 31 young (63488K), 3 survivors (6144K)
 Metaspace       used 72504K, committed 73024K, reserved 1114112K
  class space    used 8773K, committed 9024K, reserved 1048576K
}
Event: 74.945 GC heap after
{Heap after GC invocations=50 (full 0):
 garbage-first heap   total 118784K, used 45344K [0x0000000706c00000, 0x0000000800000000)
  region size 2048K, 3 young (6144K), 3 survivors (6144K)
 Metaspace       used 72504K, committed 73024K, reserved 1114112K
  class space    used 8773K, committed 9024K, reserved 1048576K
}
Event: 77.453 GC heap before
{Heap before GC invocations=51 (full 0):
 garbage-first heap   total 118784K, used 98592K [0x0000000706c00000, 0x0000000800000000)
  region size 2048K, 30 young (61440K), 3 survivors (6144K)
 Metaspace       used 72516K, committed 73024K, reserved 1114112K
  class space    used 8773K, committed 9024K, reserved 1048576K
}
Event: 77.455 GC heap after
{Heap after GC invocations=52 (full 0):
 garbage-first heap   total 118784K, used 46615K [0x0000000706c00000, 0x0000000800000000)
  region size 2048K, 3 young (6144K), 3 survivors (6144K)
 Metaspace       used 72516K, committed 73024K, reserved 1114112K
  class space    used 8773K, committed 9024K, reserved 1048576K
}
Event: 80.228 GC heap before
{Heap before GC invocations=52 (full 0):
 garbage-first heap   total 118784K, used 99863K [0x0000000706c00000, 0x0000000800000000)
  region size 2048K, 30 young (61440K), 3 survivors (6144K)
 Metaspace       used 72518K, committed 73088K, reserved 1114112K
  class space    used 8773K, committed 9024K, reserved 1048576K
}
Event: 80.229 GC heap after
{Heap after GC invocations=53 (full 0):
 garbage-first heap   total 118784K, used 44701K [0x0000000706c00000, 0x0000000800000000)
  region size 2048K, 2 young (4096K), 2 survivors (4096K)
 Metaspace       used 72518K, committed 73088K, reserved 1114112K
  class space    used 8773K, committed 9024K, reserved 1048576K
}
Event: 83.201 GC heap before
{Heap before GC invocations=54 (full 0):
 garbage-first heap   total 118784K, used 102045K [0x0000000706c00000, 0x0000000800000000)
  region size 2048K, 31 young (63488K), 2 survivors (4096K)
 Metaspace       used 72550K, committed 73088K, reserved 1114112K
  class space    used 8773K, committed 9024K, reserved 1048576K
}
Event: 83.203 GC heap after
{Heap after GC invocations=55 (full 0):
 garbage-first heap   total 118784K, used 45142K [0x0000000706c00000, 0x0000000800000000)
  region size 2048K, 2 young (4096K), 2 survivors (4096K)
 Metaspace       used 72550K, committed 73088K, reserved 1114112K
  class space    used 8773K, committed 9024K, reserved 1048576K
}
Event: 85.909 GC heap before
{Heap before GC invocations=55 (full 0):
 garbage-first heap   total 118784K, used 102486K [0x0000000706c00000, 0x0000000800000000)
  region size 2048K, 31 young (63488K), 2 survivors (4096K)
 Metaspace       used 72550K, committed 73088K, reserved 1114112K
  class space    used 8773K, committed 9024K, reserved 1048576K
}
Event: 85.911 GC heap after
{Heap after GC invocations=56 (full 0):
 garbage-first heap   total 118784K, used 47264K [0x0000000706c00000, 0x0000000800000000)
  region size 2048K, 3 young (6144K), 3 survivors (6144K)
 Metaspace       used 72550K, committed 73088K, reserved 1114112K
  class space    used 8773K, committed 9024K, reserved 1048576K
}
Event: 88.901 GC heap before
{Heap before GC invocations=57 (full 0):
 garbage-first heap   total 118784K, used 100512K [0x0000000706c00000, 0x0000000800000000)
  region size 2048K, 30 young (61440K), 3 survivors (6144K)
 Metaspace       used 72551K, committed 73088K, reserved 1114112K
  class space    used 8773K, committed 9024K, reserved 1048576K
}
Event: 88.904 GC heap after
{Heap after GC invocations=58 (full 0):
 garbage-first heap   total 118784K, used 48099K [0x0000000706c00000, 0x0000000800000000)
  region size 2048K, 3 young (6144K), 3 survivors (6144K)
 Metaspace       used 72551K, committed 73088K, reserved 1114112K
  class space    used 8773K, committed 9024K, reserved 1048576K
}

