# JRE version: OpenJDK Runtime Environment Corretto-21.0.3.9.1 (21.0.3+9) (build 21.0.3+9-LTS)
# Java VM: OpenJDK 64-Bit Server VM Corretto-21.0.3.9.1 (21.0.3+9-LTS, mixed mode, sharing, tiered, compressed oops, compressed class ptrs, g1 gc, linux-amd64)
GC Precious Log:
 CardTable entry size: 512
 Card Set container configuration: InlinePtr #cards 4 size 8 Array Of Cards #cards 16 size 48 Howl #buckets 8 coarsen threshold 3686 Howl Bitmap #cards 512 size 80 coarsen threshold 460 Card regions per heap region 1 cards per card region 4096
 CPUs: 4 total, 4 available
 Memory: 15945M
 Large Page Support: Disabled
 NUMA Support: Disabled
 Compressed Oops: Enabled (Zero based)
 Heap Region Size: 2M
 Heap Min Capacity: 8M
 Heap Initial Capacity: 250M
 Heap Max Capacity: 3988M
 Pre-touch: Disabled
 Parallel Workers: 4
 Concurrent Workers: 1
 Concurrent Refinement Workers: 4
 Periodic GC: Disabled
Heap:
 garbage-first heap   total 118784K, used 48945K [0x0000000706c00000, 0x0000000800000000)
  region size 2048K, 3 young (6144K), 2 survivors (4096K)
 Metaspace       used 85729K, committed 86336K, reserved 1179648K
  class space    used 10291K, committed 10560K, reserved 1048576K
GC Heap History (20 events):
Event: 270.922 GC heap before
{Heap before GC invocations=120 (full 0):
 garbage-first heap   total 118784K, used 100871K [0x0000000706c00000, 0x0000000800000000)
  region size 2048K, 29 young (59392K), 3 survivors (6144K)
 Metaspace       used 85637K, committed 86208K, reserved 1179648K
  class space    used 10291K, committed 10560K, reserved 1048576K
}
Event: 270.923 GC heap after
{Heap after GC invocations=121 (full 0):
 garbage-first heap   total 118784K, used 50669K [0x0000000706c00000, 0x0000000800000000)
  region size 2048K, 3 young (6144K), 3 survivors (6144K)
 Metaspace       used 85637K, committed 86208K, reserved 1179648K
  class space    used 10291K, committed 10560K, reserved 1048576K
}
Event: 275.122 GC heap before
{Heap before GC invocations=121 (full 0):
 garbage-first heap   total 118784K, used 101869K [0x0000000706c00000, 0x0000000800000000)
  region size 2048K, 29 young (59392K), 3 survivors (6144K)
 Metaspace       used 85637K, committed 86208K, reserved 1179648K
  class space    used 10291K, committed 10560K, reserved 1048576K
}
Event: 275.123 GC heap after
{Heap after GC invocations=122 (full 0):
 garbage-first heap   total 118784K, used 48198K [0x0000000706c00000, 0x0000000800000000)
  region size 2048K, 2 young (4096K), 2 survivors (4096K)
 Metaspace       used 85637K, committed 86208K, reserved 1179648K
  class space    used 10291K, committed 10560K, reserved 1048576K
}
Event: 279.322 GC heap before
{Heap before GC invocations=122 (full 0):
 garbage-first heap   total 118784K, used 103494K [0x0000000706c00000, 0x0000000800000000)
  region size 2048K, 30 young (61440K), 2 survivors (4096K)
 Metaspace       used 85646K, committed 86208K, reserved 1179648K
  class space    used 10291K, committed 10560K, reserved 1048576K
}
Event: 279.324 GC heap after
{Heap after GC invocations=123 (full 0):
 garbage-first heap   total 118784K, used 50817K [0x0000000706c00000, 0x0000000800000000)
  region size 2048K, 3 young (6144K), 3 survivors (6144K)
 Metaspace       used 85646K, committed 86208K, reserved 1179648K
  class space    used 10291K, committed 10560K, reserved 1048576K
}
Event: 283.519 GC heap before
{Heap before GC invocations=123 (full 0):
 garbage-first heap   total 118784K, used 102017K [0x0000000706c00000, 0x0000000800000000)
  region size 2048K, 29 young (59392K), 3 survivors (6144K)
 Metaspace       used 85709K, committed 86272K, reserved 1179648K
  class space    used 10291K, committed 10560K, reserved 1048576K
}
Event: 283.520 GC heap after
{Heap after GC invocations=124 (full 0):
 garbage-first heap   total 118784K, used 48593K [0x0000000706c00000, 0x0000000800000000)
  region size 2048K, 2 young (4096K), 2 survivors (4096K)
 Metaspace       used 85709K, committed 86272K, reserved 1179648K
  class space    used 10291K, committed 10560K, reserved 1048576K
}
Event: 287.718 GC heap before
{Heap before GC invocations=124 (full 0):
 garbage-first heap   total 118784K, used 101841K [0x0000000706c00000, 0x0000000800000000)
  region size 2048K, 29 young (59392K), 2 survivors (4096K)
 Metaspace       used 85709K, committed 86272K, reserved 1179648K
  class space    used 10291K, committed 10560K, reserved 1048576K
}
Event: 287.721 GC heap after
{Heap after GC invocations=125 (full 0):
 garbage-first heap   total 118784K, used 48662K [0x0000000706c00000, 0x0000000800000000)
  region size 2048K, 2 young (4096K), 2 survivors (4096K)
 Metaspace       used 85709K, committed 86272K, reserved 1179648K
  class space    used 10291K, committed 10560K, reserved 1048576K
}
Event: 291.923 GC heap before
{Heap before GC invocations=126 (full 0):
 garbage-first heap   total 118784K, used 101910K [0x0000000706c00000, 0x0000000800000000)
  region size 2048K, 29 young (59392K), 2 survivors (4096K)
 Metaspace       used 85710K, committed 86272K, reserved 1179648K
  class space    used 10291K, committed 10560K, reserved 1048576K
}
Event: 291.926 GC heap after
{Heap after GC invocations=127 (full 0):
 garbage-first heap   total 118784K, used 48711K [0x0000000706c00000, 0x0000000800000000)
  region size 2048K, 2 young (4096K), 2 survivors (4096K)
 Metaspace       used 85710K, committed 86272K, reserved 1179648K
  class space    used 10291K, committed 10560K, reserved 1048576K
}
Event: 296.118 GC heap before
{Heap before GC invocations=127 (full 0):
 garbage-first heap   total 118784K, used 101959K [0x0000000706c00000, 0x0000000800000000)
  region size 2048K, 29 young (59392K), 2 survivors (4096K)
 Metaspace       used 85710K, committed 86272K, reserved 1179648K
  class space    used 10291K, committed 10560K, reserved 1048576K
}
Event: 296.122 GC heap after
{Heap after GC invocations=128 (full 0):
 garbage-first heap   total 118784K, used 48253K [0x0000000706c00000, 0x0000000800000000)
  region size 2048K, 2 young (4096K), 2 survivors (4096K)
 Metaspace       used 85710K, committed 86272K, reserved 1179648K
  class space    used 10291K, committed 10560K, reserved 1048576K
}
Event: 300.539 GC heap before
{Heap before GC invocations=128 (full 0):
 garbage-first heap   total 118784K, used 103549K [0x0000000706c00000, 0x0000000800000000)
  region size 2048K, 30 young (61440K), 2 survivors (4096K)
 Metaspace       used 85725K, committed 86336K, reserved 1179648K
  class space    used 10291K, committed 10560K, reserved 1048576K
}
Event: 300.541 GC heap after
{Heap after GC invocations=129 (full 0):
 garbage-first heap   total 118784K, used 48797K [0x0000000706c00000, 0x0000000800000000)
  region size 2048K, 2 young (4096K), 2 survivors (4096K)
 Metaspace       used 85725K, committed 86336K, reserved 1179648K
  class space    used 10291K, committed 10560K, reserved 1048576K
}
Event: 305.132 GC heap before
{Heap before GC invocations=129 (full 0):
 garbage-first heap   total 118784K, used 104093K [0x0000000706c00000, 0x0000000800000000)
  region size 2048K, 30 young (61440K), 2 survivors (4096K)
 Metaspace       used 85727K, committed 86336K, reserved 1179648K
  class space    used 10291K, committed 10560K, reserved 1048576K
}
Event: 305.133 GC heap after
{Heap after GC invocations=130 (full 0):
 garbage-first heap   total 118784K, used 49902K [0x0000000706c00000, 0x0000000800000000)
  region size 2048K, 3 young (6144K), 3 survivors (6144K)
 Metaspace       used 85727K, committed 86336K, reserved 1179648K
  class space    used 10291K, committed 10560K, reserved 1048576K
}
Event: 309.364 GC heap before
{Heap before GC invocations=130 (full 0):
 garbage-first heap   total 118784K, used 101102K [0x0000000706c00000, 0x0000000800000000)
  region size 2048K, 29 young (59392K), 3 survivors (6144K)
 Metaspace       used 85729K, committed 86336K, reserved 1179648K
  class space    used 10291K, committed 10560K, reserved 1048576K
}
Event: 309.366 GC heap after
{Heap after GC invocations=131 (full 0):
 garbage-first heap   total 118784K, used 48945K [0x0000000706c00000, 0x0000000800000000)
  region size 2048K, 2 young (4096K), 2 survivors (4096K)
 Metaspace       used 85729K, committed 86336K, reserved 1179648K
  class space    used 10291K, committed 10560K, reserved 1048576K
}

