# JRE version: OpenJDK Runtime Environment Corretto-21.0.3.9.1 (21.0.3+9) (build 21.0.3+9-LTS)
# Java VM: OpenJDK 64-Bit Server VM Corretto-21.0.3.9.1 (21.0.3+9-LTS, mixed mode, sharing, tiered, compressed oops, compressed class ptrs, g1 gc, linux-amd64)
GC Precious Log:
 CardTable entry size: 512
 Card Set container configuration: InlinePtr #cards 4 size 8 Array Of Cards #cards 16 size 48 Howl #buckets 8 coarsen threshold 3686 Howl Bitmap #cards 512 size 80 coarsen threshold 460 Card regions per heap region 1 cards per card region 4096
 CPUs: 4 total, 4 available
 Memory: 15945M
 Large Page Support: Disabled
 NUMA Support: Disabled
 Compressed Oops: Enabled (Zero based)
 Heap Region Size: 2M
 Heap Min Capacity: 8M
 Heap Initial Capacity: 250M
 Heap Max Capacity: 3988M
 Pre-touch: Disabled
 Parallel Workers: 4
 Concurrent Workers: 1
 Concurrent Refinement Workers: 4
 Periodic GC: Disabled
Heap:
 garbage-first heap   total 129024K, used 48624K [0x0000000706c00000, 0x0000000800000000)
  region size 2048K, 4 young (8192K), 3 survivors (6144K)
 Metaspace       used 75950K, committed 76544K, reserved 1179648K
  class space    used 9073K, committed 9344K, reserved 1048576K
GC Heap History (20 events):
Event: 260.642 GC heap before
{Heap before GC invocations=95 (full 0):
 garbage-first heap   total 129024K, used 109613K [0x0000000706c00000, 0x0000000800000000)
  region size 2048K, 35 young (71680K), 3 survivors (6144K)
 Metaspace       used 75924K, committed 76480K, reserved 1179648K
  class space    used 9072K, committed 9344K, reserved 1048576K
}
Event: 260.644 GC heap after
{Heap after GC invocations=96 (full 0):
 garbage-first heap   total 129024K, used 45377K [0x0000000706c00000, 0x0000000800000000)
  region size 2048K, 2 young (4096K), 2 survivors (4096K)
 Metaspace       used 75924K, committed 76480K, reserved 1179648K
  class space    used 9072K, committed 9344K, reserved 1048576K
}
Event: 264.109 GC heap before
{Heap before GC invocations=96 (full 0):
 garbage-first heap   total 129024K, used 112961K [0x0000000706c00000, 0x0000000800000000)
  region size 2048K, 36 young (73728K), 2 survivors (4096K)
 Metaspace       used 75924K, committed 76480K, reserved 1179648K
  class space    used 9072K, committed 9344K, reserved 1048576K
}
Event: 264.111 GC heap after
{Heap after GC invocations=97 (full 0):
 garbage-first heap   total 129024K, used 45462K [0x0000000706c00000, 0x0000000800000000)
  region size 2048K, 2 young (4096K), 2 survivors (4096K)
 Metaspace       used 75924K, committed 76480K, reserved 1179648K
  class space    used 9072K, committed 9344K, reserved 1048576K
}
Event: 267.559 GC heap before
{Heap before GC invocations=97 (full 0):
 garbage-first heap   total 129024K, used 113046K [0x0000000706c00000, 0x0000000800000000)
  region size 2048K, 36 young (73728K), 2 survivors (4096K)
 Metaspace       used 75924K, committed 76480K, reserved 1179648K
  class space    used 9072K, committed 9344K, reserved 1048576K
}
Event: 267.560 GC heap after
{Heap after GC invocations=98 (full 0):
 garbage-first heap   total 129024K, used 45535K [0x0000000706c00000, 0x0000000800000000)
  region size 2048K, 2 young (4096K), 2 survivors (4096K)
 Metaspace       used 75924K, committed 76480K, reserved 1179648K
  class space    used 9072K, committed 9344K, reserved 1048576K
}
Event: 270.763 GC heap before
{Heap before GC invocations=98 (full 0):
 garbage-first heap   total 129024K, used 113119K [0x0000000706c00000, 0x0000000800000000)
  region size 2048K, 36 young (73728K), 2 survivors (4096K)
 Metaspace       used 75924K, committed 76480K, reserved 1179648K
  class space    used 9072K, committed 9344K, reserved 1048576K
}
Event: 270.765 GC heap after
{Heap after GC invocations=99 (full 0):
 garbage-first heap   total 129024K, used 45573K [0x0000000706c00000, 0x0000000800000000)
  region size 2048K, 2 young (4096K), 2 survivors (4096K)
 Metaspace       used 75924K, committed 76480K, reserved 1179648K
  class space    used 9072K, committed 9344K, reserved 1048576K
}
Event: 274.176 GC heap before
{Heap before GC invocations=99 (full 0):
 garbage-first heap   total 129024K, used 113157K [0x0000000706c00000, 0x0000000800000000)
  region size 2048K, 36 young (73728K), 2 survivors (4096K)
 Metaspace       used 75925K, committed 76480K, reserved 1179648K
  class space    used 9072K, committed 9344K, reserved 1048576K
}
Event: 274.177 GC heap after
{Heap after GC invocations=100 (full 0):
 garbage-first heap   total 129024K, used 45678K [0x0000000706c00000, 0x0000000800000000)
  region size 2048K, 2 young (4096K), 2 survivors (4096K)
 Metaspace       used 75925K, committed 76480K, reserved 1179648K
  class space    used 9072K, committed 9344K, reserved 1048576K
}
Event: 277.501 GC heap before
{Heap before GC invocations=100 (full 0):
 garbage-first heap   total 129024K, used 113262K [0x0000000706c00000, 0x0000000800000000)
  region size 2048K, 36 young (73728K), 2 survivors (4096K)
 Metaspace       used 75925K, committed 76480K, reserved 1179648K
  class space    used 9072K, committed 9344K, reserved 1048576K
}
Event: 277.502 GC heap after
{Heap after GC invocations=101 (full 0):
 garbage-first heap   total 129024K, used 45793K [0x0000000706c00000, 0x0000000800000000)
  region size 2048K, 2 young (4096K), 2 survivors (4096K)
 Metaspace       used 75925K, committed 76480K, reserved 1179648K
  class space    used 9072K, committed 9344K, reserved 1048576K
}
Event: 280.632 GC heap before
{Heap before GC invocations=101 (full 0):
 garbage-first heap   total 129024K, used 113377K [0x0000000706c00000, 0x0000000800000000)
  region size 2048K, 36 young (73728K), 2 survivors (4096K)
 Metaspace       used 75925K, committed 76480K, reserved 1179648K
  class space    used 9072K, committed 9344K, reserved 1048576K
}
Event: 280.634 GC heap after
{Heap after GC invocations=102 (full 0):
 garbage-first heap   total 129024K, used 45793K [0x0000000706c00000, 0x0000000800000000)
  region size 2048K, 2 young (4096K), 2 survivors (4096K)
 Metaspace       used 75925K, committed 76480K, reserved 1179648K
  class space    used 9072K, committed 9344K, reserved 1048576K
}
Event: 284.081 GC heap before
{Heap before GC invocations=102 (full 0):
 garbage-first heap   total 129024K, used 113377K [0x0000000706c00000, 0x0000000800000000)
  region size 2048K, 36 young (73728K), 2 survivors (4096K)
 Metaspace       used 75925K, committed 76480K, reserved 1179648K
  class space    used 9072K, committed 9344K, reserved 1048576K
}
Event: 284.083 GC heap after
{Heap after GC invocations=103 (full 0):
 garbage-first heap   total 129024K, used 46747K [0x0000000706c00000, 0x0000000800000000)
  region size 2048K, 3 young (6144K), 3 survivors (6144K)
 Metaspace       used 75925K, committed 76480K, reserved 1179648K
  class space    used 9072K, committed 9344K, reserved 1048576K
}
Event: 287.223 GC heap before
{Heap before GC invocations=103 (full 0):
 garbage-first heap   total 129024K, used 110235K [0x0000000706c00000, 0x0000000800000000)
  region size 2048K, 35 young (71680K), 3 survivors (6144K)
 Metaspace       used 75926K, committed 76480K, reserved 1179648K
  class space    used 9073K, committed 9344K, reserved 1048576K
}
Event: 287.226 GC heap after
{Heap after GC invocations=104 (full 0):
 garbage-first heap   total 129024K, used 47596K [0x0000000706c00000, 0x0000000800000000)
  region size 2048K, 3 young (6144K), 3 survivors (6144K)
 Metaspace       used 75926K, committed 76480K, reserved 1179648K
  class space    used 9073K, committed 9344K, reserved 1048576K
}
Event: 290.268 GC heap before
{Heap before GC invocations=104 (full 0):
 garbage-first heap   total 129024K, used 111084K [0x0000000706c00000, 0x0000000800000000)
  region size 2048K, 35 young (71680K), 3 survivors (6144K)
 Metaspace       used 75950K, committed 76544K, reserved 1179648K
  class space    used 9073K, committed 9344K, reserved 1048576K
}
Event: 290.270 GC heap after
{Heap after GC invocations=105 (full 0):
 garbage-first heap   total 129024K, used 48624K [0x0000000706c00000, 0x0000000800000000)
  region size 2048K, 3 young (6144K), 3 survivors (6144K)
 Metaspace       used 75950K, committed 76544K, reserved 1179648K
  class space    used 9073K, committed 9344K, reserved 1048576K
}

